app/build/intermediates/manifest_merge_blame_file/release/processReleaseMainManifest/manifest-merger-blame-release-report.txt
1<?xml version="1.0" encoding="utf-8"?>
2<manifest xmlns:android="http://schemas.android.com/apk/res/android"
3    xmlns:app="http://schemas.android.com/apk/res-auto"
4    package="de.onyxbits.remotekeyboard"
5    android:versionCode="1"
6    android:versionName="1.0" >
7
8    <uses-sdk
9        android:minSdkVersion="17"
10        android:targetSdkVersion="33" />
11
12    <uses-permission android:name="android.permission.BIND_INPUT_METHOD" />
12-->src/main/AndroidManifest.xml:8:2-10:41
12-->src/main/AndroidManifest.xml:9:3-54
13    <uses-permission android:name="android.permission.INTERNET" />
13-->src/main/AndroidManifest.xml:11:2-64
13-->src/main/AndroidManifest.xml:11:19-61
14    <uses-permission android:name="android.permission.WAKE_LOCK" />
14-->src/main/AndroidManifest.xml:12:2-65
14-->src/main/AndroidManifest.xml:12:19-62
15    <uses-permission android:name="android.permission.ACCESS_WIFI_STATE" />
15-->src/main/AndroidManifest.xml:13:2-73
15-->src/main/AndroidManifest.xml:13:19-70
16
17    <permission
17-->[androidx.core:core:1.9.0] AndroidManifest.xml:22:5-24:47
18        android:name="de.onyxbits.remotekeyboard.DYNAMIC_RECEIVER_NOT_EXPORTED_PERMISSION"
18-->[androidx.core:core:1.9.0] AndroidManifest.xml:23:9-81
19        android:protectionLevel="signature" />
19-->[androidx.core:core:1.9.0] AndroidManifest.xml:24:9-44
20
21    <uses-permission android:name="de.onyxbits.remotekeyboard.DYNAMIC_RECEIVER_NOT_EXPORTED_PERMISSION" />
21-->[androidx.core:core:1.9.0] AndroidManifest.xml:26:5-97
21-->[androidx.core:core:1.9.0] AndroidManifest.xml:26:22-94
22
23    <application
23-->src/main/AndroidManifest.xml:15:2-97:16
24        android:allowBackup="true"
24-->src/main/AndroidManifest.xml:16:3-29
25        android:appComponentFactory="androidx.core.app.CoreComponentFactory"
25-->[androidx.core:core:1.9.0] AndroidManifest.xml:28:18-86
26        android:extractNativeLibs="true"
27        android:icon="@drawable/ic_launcher"
27-->src/main/AndroidManifest.xml:17:3-39
28        android:label="@string/app_name"
28-->src/main/AndroidManifest.xml:18:3-35
29        android:theme="@style/AppTheme" >
29-->src/main/AndroidManifest.xml:19:3-34
30        <service
30-->src/main/AndroidManifest.xml:20:3-31:13
31            android:name="de.onyxbits.remotekeyboard.RemoteKeyboardService"
31-->src/main/AndroidManifest.xml:21:4-67
32            android:exported="true"
32-->src/main/AndroidManifest.xml:23:4-27
33            android:permission="android.permission.BIND_INPUT_METHOD" >
33-->src/main/AndroidManifest.xml:22:4-61
34            <intent-filter>
34-->src/main/AndroidManifest.xml:24:4-26:20
35                <action android:name="android.view.InputMethod" />
35-->src/main/AndroidManifest.xml:25:5-55
35-->src/main/AndroidManifest.xml:25:13-52
36            </intent-filter>
37
38            <meta-data
38-->src/main/AndroidManifest.xml:28:4-30:38
39                android:name="android.view.im"
39-->src/main/AndroidManifest.xml:29:5-35
40                android:resource="@xml/method" />
40-->src/main/AndroidManifest.xml:30:5-35
41        </service>
42
43        <activity
43-->src/main/AndroidManifest.xml:33:3-49:14
44            android:name="de.onyxbits.remotekeyboard.MainActivity"
44-->src/main/AndroidManifest.xml:34:4-58
45            android:exported="true"
45-->src/main/AndroidManifest.xml:35:4-27
46            android:label="@string/app_name" >
46-->src/main/AndroidManifest.xml:36:4-36
47            <intent-filter>
47-->src/main/AndroidManifest.xml:37:4-41:20
48                <action android:name="android.intent.action.MAIN" />
48-->src/main/AndroidManifest.xml:38:5-57
48-->src/main/AndroidManifest.xml:38:13-54
49
50                <category android:name="android.intent.category.LAUNCHER" />
50-->src/main/AndroidManifest.xml:40:5-65
50-->src/main/AndroidManifest.xml:40:15-62
51            </intent-filter>
52            <intent-filter>
52-->src/main/AndroidManifest.xml:42:4-48:20
53                <action android:name="android.intent.action.SEND" />
53-->src/main/AndroidManifest.xml:43:5-57
53-->src/main/AndroidManifest.xml:43:13-54
54
55                <category android:name="android.intent.category.DEFAULT" />
55-->src/main/AndroidManifest.xml:45:5-64
55-->src/main/AndroidManifest.xml:45:15-61
56
57                <data android:mimeType="text/*" />
57-->src/main/AndroidManifest.xml:47:5-39
57-->src/main/AndroidManifest.xml:47:11-36
58            </intent-filter>
59        </activity>
60        <activity
60-->src/main/AndroidManifest.xml:50:3-61:14
61            android:name="de.onyxbits.remotekeyboard.WidgetActivity"
61-->src/main/AndroidManifest.xml:51:4-60
62            android:excludeFromRecents="true"
62-->src/main/AndroidManifest.xml:53:4-37
63            android:exported="true"
63-->src/main/AndroidManifest.xml:52:4-27
64            android:label="@string/app_name"
64-->src/main/AndroidManifest.xml:54:4-36
65            android:noHistory="true"
65-->src/main/AndroidManifest.xml:55:4-28
66            android:theme="@android:style/Theme.NoDisplay" >
66-->src/main/AndroidManifest.xml:56:4-50
67            <intent-filter>
67-->src/main/AndroidManifest.xml:57:4-60:20
68                <action android:name="android.intent.action.MAIN" />
68-->src/main/AndroidManifest.xml:38:5-57
68-->src/main/AndroidManifest.xml:38:13-54
69
70                <category android:name="android.intent.category.DEFAULT" />
70-->src/main/AndroidManifest.xml:45:5-64
70-->src/main/AndroidManifest.xml:45:15-61
71            </intent-filter>
72        </activity>
73
74        <receiver
74-->src/main/AndroidManifest.xml:63:3-71:14
75            android:name="de.onyxbits.remotekeyboard.WidgetProvider"
75-->src/main/AndroidManifest.xml:63:13-69
76            android:exported="true" >
76-->src/main/AndroidManifest.xml:63:70-93
77            <intent-filter>
77-->src/main/AndroidManifest.xml:64:4-66:20
78                <action android:name="android.appwidget.action.APPWIDGET_UPDATE" />
78-->src/main/AndroidManifest.xml:65:5-72
78-->src/main/AndroidManifest.xml:65:13-69
79            </intent-filter>
80
81            <meta-data
81-->src/main/AndroidManifest.xml:68:4-70:38
82                android:name="android.appwidget.provider"
82-->src/main/AndroidManifest.xml:69:5-46
83                android:resource="@xml/widget" />
83-->src/main/AndroidManifest.xml:70:5-35
84        </receiver>
85
86        <activity
86-->src/main/AndroidManifest.xml:73:3-80:14
87            android:name="de.onyxbits.remotekeyboard.ReplacementsListActivity"
87-->src/main/AndroidManifest.xml:74:4-70
88            android:label="@string/title_activity_replacements_list"
88-->src/main/AndroidManifest.xml:75:4-60
89            android:parentActivityName="de.onyxbits.remotekeyboard.MainActivity" >
89-->src/main/AndroidManifest.xml:76:4-72
90            <meta-data
90-->src/main/AndroidManifest.xml:77:4-79:63
91                android:name="android.support.PARENT_ACTIVITY"
91-->src/main/AndroidManifest.xml:78:5-51
92                android:value="de.onyxbits.remotekeyboard.MainActivity" />
92-->src/main/AndroidManifest.xml:79:5-60
93        </activity>
94        <activity
94-->src/main/AndroidManifest.xml:81:3-88:14
95            android:name="de.onyxbits.remotekeyboard.ReplacementActivity"
95-->src/main/AndroidManifest.xml:82:4-65
96            android:label="@string/title_activity_replacement"
96-->src/main/AndroidManifest.xml:83:4-54
97            android:parentActivityName="de.onyxbits.remotekeyboard.ReplacementsListActivity" >
97-->src/main/AndroidManifest.xml:84:4-84
98            <meta-data
98-->src/main/AndroidManifest.xml:77:4-79:63
99                android:name="android.support.PARENT_ACTIVITY"
99-->src/main/AndroidManifest.xml:78:5-51
100                android:value="de.onyxbits.remotekeyboard.ReplacementsListActivity" />
100-->src/main/AndroidManifest.xml:79:5-60
101        </activity>
102        <activity
102-->src/main/AndroidManifest.xml:89:3-96:14
103            android:name="de.onyxbits.remotekeyboard.SettingsActivity"
103-->src/main/AndroidManifest.xml:90:4-62
104            android:label="@string/title_activity_settings"
104-->src/main/AndroidManifest.xml:91:4-51
105            android:parentActivityName="de.onyxbits.remotekeyboard.MainActivity" >
105-->src/main/AndroidManifest.xml:92:4-72
106            <meta-data
106-->src/main/AndroidManifest.xml:77:4-79:63
107                android:name="android.support.PARENT_ACTIVITY"
107-->src/main/AndroidManifest.xml:78:5-51
108                android:value="de.onyxbits.remotekeyboard.MainActivity" />
108-->src/main/AndroidManifest.xml:79:5-60
109        </activity>
110
111        <provider
111-->[androidx.emoji2:emoji2:1.2.0] AndroidManifest.xml:24:9-32:20
112            android:name="androidx.startup.InitializationProvider"
112-->[androidx.emoji2:emoji2:1.2.0] AndroidManifest.xml:25:13-67
113            android:authorities="de.onyxbits.remotekeyboard.androidx-startup"
113-->[androidx.emoji2:emoji2:1.2.0] AndroidManifest.xml:26:13-68
114            android:exported="false" >
114-->[androidx.emoji2:emoji2:1.2.0] AndroidManifest.xml:27:13-37
115            <meta-data
115-->[androidx.emoji2:emoji2:1.2.0] AndroidManifest.xml:29:13-31:52
116                android:name="androidx.emoji2.text.EmojiCompatInitializer"
116-->[androidx.emoji2:emoji2:1.2.0] AndroidManifest.xml:30:17-75
117                android:value="androidx.startup" />
117-->[androidx.emoji2:emoji2:1.2.0] AndroidManifest.xml:31:17-49
118            <meta-data
118-->[androidx.lifecycle:lifecycle-process:2.4.1] AndroidManifest.xml:31:13-33:52
119                android:name="androidx.lifecycle.ProcessLifecycleInitializer"
119-->[androidx.lifecycle:lifecycle-process:2.4.1] AndroidManifest.xml:32:17-78
120                android:value="androidx.startup" />
120-->[androidx.lifecycle:lifecycle-process:2.4.1] AndroidManifest.xml:33:17-49
121        </provider>
122    </application>
123
124</manifest>